[34m2025-01-06 18:52:22[0;39m [1;31mINFO [0;39m l.SpringListenifyApplication - Starting SpringListenifyApplication using Java 23.0.1 with PID 17436 (C:\Users\muham\Desktop\Year 3\WebPatterns\Spring-Listenify\target\classes started by muham in C:\Users\muham\Desktop\Year 3\WebPatterns\Spring-Listenify)

[34m2025-01-06 18:52:22[0;39m [1;31mINFO [0;39m l.SpringListenifyApplication - No active profile set, falling back to 1 default profile: "default"

[34m2025-01-06 18:52:23[0;39m [1;31mINFO [0;39m o.s.b.w.e.tomcat.TomcatWebServer - Tomcat initialized with port 8080 (http)

[34m2025-01-06 18:52:23[0;39m [1;31mINFO [0;39m o.a.coyote.http11.Http11NioProtocol - Initializing ProtocolHandler ["http-nio-8080"]

[34m2025-01-06 18:52:23[0;39m [1;31mINFO [0;39m o.a.catalina.core.StandardService - Starting service [Tomcat]

[34m2025-01-06 18:52:23[0;39m [1;31mINFO [0;39m o.a.catalina.core.StandardEngine - Starting Servlet engine: [Apache Tomcat/10.1.33]

[34m2025-01-06 18:52:23[0;39m [1;31mINFO [0;39m o.a.c.c.C.[Tomcat].[localhost].[/] - Initializing Spring embedded WebApplicationContext

[34m2025-01-06 18:52:23[0;39m [1;31mINFO [0;39m o.s.b.w.s.c.ServletWebServerApplicationContext - Root WebApplicationContext: initialization completed in 1626 ms

[34m2025-01-06 18:52:24[0;39m [1;31mINFO [0;39m o.s.b.a.w.s.WelcomePageHandlerMapping - Adding welcome page template: index

[34m2025-01-06 18:52:24[0;39m [1;31mINFO [0;39m o.a.coyote.http11.Http11NioProtocol - Starting ProtocolHandler ["http-nio-8080"]

[34m2025-01-06 18:52:24[0;39m [1;31mINFO [0;39m o.s.b.w.e.tomcat.TomcatWebServer - Tomcat started on port 8080 (http) with context path '/'

[34m2025-01-06 18:52:24[0;39m [1;31mINFO [0;39m l.SpringListenifyApplication - Started SpringListenifyApplication in 3.513 seconds (process running for 4.743)

[34m2025-01-06 18:52:24[0;39m [1;31mINFO [0;39m o.a.c.c.C.[Tomcat].[localhost].[/] - Initializing Spring DispatcherServlet 'dispatcherServlet'

[34m2025-01-06 18:52:24[0;39m [1;31mINFO [0;39m o.s.web.servlet.DispatcherServlet - Initializing Servlet 'dispatcherServlet'

[34m2025-01-06 18:52:24[0;39m [1;31mINFO [0;39m o.s.web.servlet.DispatcherServlet - Completed initialization in 1 ms

[34m2025-01-06 18:52:34[0;39m [1;31mINFO [0;39m l.controllers.UserController - User testUser1 logged in successfully

[34m2025-01-06 18:52:54[0;39m [1;31mINFO [0;39m l.controllers.UserController - User testUser1 logged out

[34m2025-01-06 18:53:02[0;39m [1;31mINFO [0;39m l.controllers.UserController - User testUser2 logged in successfully

[34m2025-01-06 18:53:11[0;39m [1;31mINFO [0;39m l.controllers.UserController - User testUser2 logged out

[34m2025-01-06 18:53:19[0;39m [1;31mINFO [0;39m l.controllers.UserController - User testUser1 logged in successfully

[34m2025-01-06 18:57:05[0;39m [1;31mINFO [0;39m l.controllers.UserController - User testUser1 logged out

[34m2025-01-06 18:57:13[0;39m [1;31mINFO [0;39m l.controllers.UserController - User testUser2 logged in successfully

[34m2025-01-06 18:57:23[0;39m [1;31mINFO [0;39m l.controllers.UserController - User testUser2 logged out

[34m2025-01-06 18:57:34[0;39m [1;31mINFO [0;39m l.controllers.UserController - User testUser1 logged in successfully

